Classic Timing Analyzer report for porte_et
Thu Sep 02 09:21:17 2021
Quartus II Version 9.0 Build 235 06/17/2009 Service Pack 2 SJ Web Edition


---------------------
; Table of Contents ;
---------------------
  1. Legal Notice
  2. Timing Analyzer Summary
  3. Timing Analyzer Settings
  4. Clock Settings Summary
  5. Parallel Compilation
  6. tsu
  7. tco
  8. tpd
  9. th
 10. Timing Analyzer Messages



----------------
; Legal Notice ;
----------------
Copyright (C) 1991-2009 Altera Corporation
Your use of Altera Corporation's design tools, logic functions 
and other software and tools, and its AMPP partner logic 
functions, and any output files from any of the foregoing 
(including device programming or simulation files), and any 
associated documentation or information are expressly subject 
to the terms and conditions of the Altera Program License 
Subscription Agreement, Altera MegaCore Function License 
Agreement, or other applicable license agreement, including, 
without limitation, that your use is for the sole purpose of 
programming logic devices manufactured by Altera and sold by 
Altera or its authorized distributors.  Please refer to the 
applicable agreement for further details.



+-----------------------------------------------------------------------------------------------------------------------------------------------+
; Timing Analyzer Summary                                                                                                                       ;
+------------------------------+-------+---------------+-------------+-----------------+-----------------+------------+----------+--------------+
; Type                         ; Slack ; Required Time ; Actual Time ; From            ; To              ; From Clock ; To Clock ; Failed Paths ;
+------------------------------+-------+---------------+-------------+-----------------+-----------------+------------+----------+--------------+
; Worst-case tsu               ; N/A   ; None          ; -0.626 ns   ; D               ; Q~reg0_emulated ; --         ; Clk      ; 0            ;
; Worst-case tco               ; N/A   ; None          ; 9.537 ns    ; Q~reg0_emulated ; Q               ; Clk        ; --       ; 0            ;
; Worst-case tpd               ; N/A   ; None          ; 7.862 ns    ; Set             ; Q               ; --         ; --       ; 0            ;
; Worst-case th                ; N/A   ; None          ; 0.856 ns    ; D               ; Q~reg0_emulated ; --         ; Clk      ; 0            ;
; Total number of failed paths ;       ;               ;             ;                 ;                 ;            ;          ; 0            ;
+------------------------------+-------+---------------+-------------+-----------------+-----------------+------------+----------+--------------+


+--------------------------------------------------------------------------------------------------------------------+
; Timing Analyzer Settings                                                                                           ;
+---------------------------------------------------------------------+--------------------+------+----+-------------+
; Option                                                              ; Setting            ; From ; To ; Entity Name ;
+---------------------------------------------------------------------+--------------------+------+----+-------------+
; Device Name                                                         ; EP2C35F672C6       ;      ;    ;             ;
; Timing Models                                                       ; Final              ;      ;    ;             ;
; Default hold multicycle                                             ; Same as Multicycle ;      ;    ;             ;
; Cut paths between unrelated clock domains                           ; On                 ;      ;    ;             ;
; Cut off read during write signal paths                              ; On                 ;      ;    ;             ;
; Cut off feedback from I/O pins                                      ; On                 ;      ;    ;             ;
; Report Combined Fast/Slow Timing                                    ; Off                ;      ;    ;             ;
; Ignore Clock Settings                                               ; Off                ;      ;    ;             ;
; Analyze latches as synchronous elements                             ; On                 ;      ;    ;             ;
; Enable Recovery/Removal analysis                                    ; Off                ;      ;    ;             ;
; Enable Clock Latency                                                ; Off                ;      ;    ;             ;
; Use TimeQuest Timing Analyzer                                       ; Off                ;      ;    ;             ;
; Minimum Core Junction Temperature                                   ; 0                  ;      ;    ;             ;
; Maximum Core Junction Temperature                                   ; 85                 ;      ;    ;             ;
; Number of source nodes to report per destination node               ; 10                 ;      ;    ;             ;
; Number of destination nodes to report                               ; 10                 ;      ;    ;             ;
; Number of paths to report                                           ; 200                ;      ;    ;             ;
; Report Minimum Timing Checks                                        ; Off                ;      ;    ;             ;
; Use Fast Timing Models                                              ; Off                ;      ;    ;             ;
; Report IO Paths Separately                                          ; Off                ;      ;    ;             ;
; Perform Multicorner Analysis                                        ; On                 ;      ;    ;             ;
; Reports the worst-case path for each clock domain and analysis      ; Off                ;      ;    ;             ;
; Removes common clock path pessimism (CCPP) during slack computation ; Off                ;      ;    ;             ;
; Output I/O Timing Endpoint                                          ; Near End           ;      ;    ;             ;
+---------------------------------------------------------------------+--------------------+------+----+-------------+


+------------------------------------------------------------------------------------------------------------------------------------------------------------------------------------+
; Clock Settings Summary                                                                                                                                                             ;
+-----------------+--------------------+----------+------------------+---------------+--------------+----------+-----------------------+---------------------+--------+--------------+
; Clock Node Name ; Clock Setting Name ; Type     ; Fmax Requirement ; Early Latency ; Late Latency ; Based on ; Multiply Base Fmax by ; Divide Base Fmax by ; Offset ; Phase offset ;
+-----------------+--------------------+----------+------------------+---------------+--------------+----------+-----------------------+---------------------+--------+--------------+
; Clk             ;                    ; User Pin ; None             ; 0.000 ns      ; 0.000 ns     ; --       ; N/A                   ; N/A                 ; N/A    ;              ;
+-----------------+--------------------+----------+------------------+---------------+--------------+----------+-----------------------+---------------------+--------+--------------+


Parallel compilation was disabled, but you have multiple processors available. Enable parallel compilation to reduce compilation time.
+-------------------------------------+
; Parallel Compilation                ;
+----------------------------+--------+
; Processors                 ; Number ;
+----------------------------+--------+
; Number detected on machine ; 4      ;
; Maximum allowed            ; 1      ;
+----------------------------+--------+


+-----------------------------------------------------------------------+
; tsu                                                                   ;
+-------+--------------+------------+------+-----------------+----------+
; Slack ; Required tsu ; Actual tsu ; From ; To              ; To Clock ;
+-------+--------------+------------+------+-----------------+----------+
; N/A   ; None         ; -0.626 ns  ; D    ; Q~reg0_emulated ; Clk      ;
+-------+--------------+------------+------+-----------------+----------+


+-----------------------------------------------------------------------+
; tco                                                                   ;
+-------+--------------+------------+-----------------+----+------------+
; Slack ; Required tco ; Actual tco ; From            ; To ; From Clock ;
+-------+--------------+------------+-----------------+----+------------+
; N/A   ; None         ; 9.537 ns   ; Q~reg0_emulated ; Q  ; Clk        ;
+-------+--------------+------------+-----------------+----+------------+


+----------------------------------------------------------+
; tpd                                                      ;
+-------+-------------------+-----------------+-------+----+
; Slack ; Required P2P Time ; Actual P2P Time ; From  ; To ;
+-------+-------------------+-----------------+-------+----+
; N/A   ; None              ; 7.862 ns        ; Set   ; Q  ;
; N/A   ; None              ; 7.767 ns        ; Reset ; Q  ;
+-------+-------------------+-----------------+-------+----+


+-----------------------------------------------------------------------------+
; th                                                                          ;
+---------------+-------------+-----------+------+-----------------+----------+
; Minimum Slack ; Required th ; Actual th ; From ; To              ; To Clock ;
+---------------+-------------+-----------+------+-----------------+----------+
; N/A           ; None        ; 0.856 ns  ; D    ; Q~reg0_emulated ; Clk      ;
+---------------+-------------+-----------+------+-----------------+----------+


+--------------------------+
; Timing Analyzer Messages ;
+--------------------------+
Info: *******************************************************************
Info: Running Quartus II Classic Timing Analyzer
    Info: Version 9.0 Build 235 06/17/2009 Service Pack 2 SJ Web Edition
    Info: Processing started: Thu Sep 02 09:21:17 2021
Info: Command: quartus_tan --read_settings_files=off --write_settings_files=off porte_et -c porte_et --timing_analysis_only
Warning: Timing Analysis is analyzing one or more combinational loops as latches
    Warning: Node "Q~reg0latch" is a latch
Warning: Found pins functioning as undefined clocks and/or memory enables
    Info: Assuming node "Clk" is an undefined clock
Info: No valid register-to-register data paths exist for clock "Clk"
Info: tsu for register "Q~reg0_emulated" (data pin = "D", clock pin = "Clk") is -0.626 ns
    Info: + Longest pin to register delay is 2.418 ns
        Info: 1: + IC(0.000 ns) + CELL(0.999 ns) = 0.999 ns; Loc. = PIN_P25; Fanout = 1; PIN Node = 'D'
        Info: 2: + IC(1.060 ns) + CELL(0.275 ns) = 2.334 ns; Loc. = LCCOMB_X51_Y18_N0; Fanout = 1; COMB Node = 'Q~reg0data_lut'
        Info: 3: + IC(0.000 ns) + CELL(0.084 ns) = 2.418 ns; Loc. = LCFF_X51_Y18_N1; Fanout = 1; REG Node = 'Q~reg0_emulated'
        Info: Total cell delay = 1.358 ns ( 56.16 % )
        Info: Total interconnect delay = 1.060 ns ( 43.84 % )
    Info: + Micro setup delay of destination is -0.036 ns
    Info: - Shortest clock path from clock "Clk" to destination register is 3.008 ns
        Info: 1: + IC(0.000 ns) + CELL(0.999 ns) = 0.999 ns; Loc. = PIN_N2; Fanout = 1; CLK Node = 'Clk'
        Info: 2: + IC(1.472 ns) + CELL(0.537 ns) = 3.008 ns; Loc. = LCFF_X51_Y18_N1; Fanout = 1; REG Node = 'Q~reg0_emulated'
        Info: Total cell delay = 1.536 ns ( 51.06 % )
        Info: Total interconnect delay = 1.472 ns ( 48.94 % )
Info: tco from clock "Clk" to destination pin "Q" through register "Q~reg0_emulated" is 9.537 ns
    Info: + Longest clock path from clock "Clk" to source register is 3.008 ns
        Info: 1: + IC(0.000 ns) + CELL(0.999 ns) = 0.999 ns; Loc. = PIN_N2; Fanout = 1; CLK Node = 'Clk'
        Info: 2: + IC(1.472 ns) + CELL(0.537 ns) = 3.008 ns; Loc. = LCFF_X51_Y18_N1; Fanout = 1; REG Node = 'Q~reg0_emulated'
        Info: Total cell delay = 1.536 ns ( 51.06 % )
        Info: Total interconnect delay = 1.472 ns ( 48.94 % )
    Info: + Micro clock to output delay of source is 0.250 ns
    Info: + Longest register to pin delay is 6.279 ns
        Info: 1: + IC(0.000 ns) + CELL(0.000 ns) = 0.000 ns; Loc. = LCFF_X51_Y18_N1; Fanout = 1; REG Node = 'Q~reg0_emulated'
        Info: 2: + IC(0.300 ns) + CELL(0.419 ns) = 0.719 ns; Loc. = LCCOMB_X51_Y18_N2; Fanout = 1; COMB Node = 'Q~reg0head_lut'
        Info: 3: + IC(2.742 ns) + CELL(2.818 ns) = 6.279 ns; Loc. = PIN_AF23; Fanout = 0; PIN Node = 'Q'
        Info: Total cell delay = 3.237 ns ( 51.55 % )
        Info: Total interconnect delay = 3.042 ns ( 48.45 % )
Info: Longest tpd from source pin "Set" to destination pin "Q" is 7.862 ns
    Info: 1: + IC(0.000 ns) + CELL(0.999 ns) = 0.999 ns; Loc. = PIN_N25; Fanout = 3; PIN Node = 'Set'
    Info: 2: + IC(1.028 ns) + CELL(0.275 ns) = 2.302 ns; Loc. = LCCOMB_X51_Y18_N2; Fanout = 1; COMB Node = 'Q~reg0head_lut'
    Info: 3: + IC(2.742 ns) + CELL(2.818 ns) = 7.862 ns; Loc. = PIN_AF23; Fanout = 0; PIN Node = 'Q'
    Info: Total cell delay = 4.092 ns ( 52.05 % )
    Info: Total interconnect delay = 3.770 ns ( 47.95 % )
Info: th for register "Q~reg0_emulated" (data pin = "D", clock pin = "Clk") is 0.856 ns
    Info: + Longest clock path from clock "Clk" to destination register is 3.008 ns
        Info: 1: + IC(0.000 ns) + CELL(0.999 ns) = 0.999 ns; Loc. = PIN_N2; Fanout = 1; CLK Node = 'Clk'
        Info: 2: + IC(1.472 ns) + CELL(0.537 ns) = 3.008 ns; Loc. = LCFF_X51_Y18_N1; Fanout = 1; REG Node = 'Q~reg0_emulated'
        Info: Total cell delay = 1.536 ns ( 51.06 % )
        Info: Total interconnect delay = 1.472 ns ( 48.94 % )
    Info: + Micro hold delay of destination is 0.266 ns
    Info: - Shortest pin to register delay is 2.418 ns
        Info: 1: + IC(0.000 ns) + CELL(0.999 ns) = 0.999 ns; Loc. = PIN_P25; Fanout = 1; PIN Node = 'D'
        Info: 2: + IC(1.060 ns) + CELL(0.275 ns) = 2.334 ns; Loc. = LCCOMB_X51_Y18_N0; Fanout = 1; COMB Node = 'Q~reg0data_lut'
        Info: 3: + IC(0.000 ns) + CELL(0.084 ns) = 2.418 ns; Loc. = LCFF_X51_Y18_N1; Fanout = 1; REG Node = 'Q~reg0_emulated'
        Info: Total cell delay = 1.358 ns ( 56.16 % )
        Info: Total interconnect delay = 1.060 ns ( 43.84 % )
Info: Quartus II Classic Timing Analyzer was successful. 0 errors, 3 warnings
    Info: Peak virtual memory: 173 megabytes
    Info: Processing ended: Thu Sep 02 09:21:17 2021
    Info: Elapsed time: 00:00:00
    Info: Total CPU time (on all processors): 00:00:00


