Info: Starting: Create block symbol file (.bsf)
Info: qsys-generate C:\Users\Etudiant\Desktop\prince\NIOS\IP\nios_mcu\nios_mcu.qsys --block-symbol-file --output-directory=C:\Users\Etudiant\Desktop\prince\NIOS\IP\nios_mcu\nios_mcu --family="Cyclone IV E" --part=EP4CE22F17C6
Progress: Loading nios_mcu/nios_mcu.qsys
Progress: Reading input file
Progress: Adding clk_0 [clock_source 18.1]
Progress: Parameterizing module clk_0
Progress: Adding jtag_uart_0 [altera_avalon_jtag_uart 18.1]
Progress: Parameterizing module jtag_uart_0
Progress: Adding nios_cpu [altera_nios2_gen2 18.1]
Progress: Parameterizing module nios_cpu
Progress: Adding onchip_ram [altera_avalon_onchip_memory2 18.1]
Progress: Parameterizing module onchip_ram
Progress: Adding pio_0 [altera_avalon_pio 18.1]
Progress: Parameterizing module pio_0
Progress: Building connections
Progress: Parameterizing connections
Progress: Validating
Progress: Done reading input file
Info: nios_mcu.jtag_uart_0: JTAG UART IP input clock need to be at least double (2x) the operating frequency of JTAG TCK on board
Info: qsys-generate succeeded.
Info: Finished: Create block symbol file (.bsf)
Info: 
Info: Starting: Create HDL design files for synthesis
Info: qsys-generate C:\Users\Etudiant\Desktop\prince\NIOS\IP\nios_mcu\nios_mcu.qsys --synthesis=VHDL --output-directory=C:\Users\Etudiant\Desktop\prince\NIOS\IP\nios_mcu\nios_mcu\synthesis --family="Cyclone IV E" --part=EP4CE22F17C6
Progress: Loading nios_mcu/nios_mcu.qsys
Progress: Reading input file
Progress: Adding clk_0 [clock_source 18.1]
Progress: Parameterizing module clk_0
Progress: Adding jtag_uart_0 [altera_avalon_jtag_uart 18.1]
Progress: Parameterizing module jtag_uart_0
Progress: Adding nios_cpu [altera_nios2_gen2 18.1]
Progress: Parameterizing module nios_cpu
Progress: Adding onchip_ram [altera_avalon_onchip_memory2 18.1]
Progress: Parameterizing module onchip_ram
Progress: Adding pio_0 [altera_avalon_pio 18.1]
Progress: Parameterizing module pio_0
Progress: Building connections
Progress: Parameterizing connections
Progress: Validating
Progress: Done reading input file
Info: nios_mcu.jtag_uart_0: JTAG UART IP input clock need to be at least double (2x) the operating frequency of JTAG TCK on board
Info: nios_mcu: Generating nios_mcu "nios_mcu" for QUARTUS_SYNTH
Info: jtag_uart_0: Starting RTL generation for module 'nios_mcu_jtag_uart_0'
Info: jtag_uart_0:   Generation command is [exec C:/intelfpga_lite/18.1/quartus/bin64/perl/bin/perl.exe -I C:/intelfpga_lite/18.1/quartus/bin64/perl/lib -I C:/intelfpga_lite/18.1/quartus/sopc_builder/bin/europa -I C:/intelfpga_lite/18.1/quartus/sopc_builder/bin/perl_lib -I C:/intelfpga_lite/18.1/quartus/sopc_builder/bin -I C:/intelfpga_lite/18.1/quartus/../ip/altera/sopc_builder_ip/common -I C:/intelfpga_lite/18.1/quartus/../ip/altera/sopc_builder_ip/altera_avalon_jtag_uart -- C:/intelfpga_lite/18.1/quartus/../ip/altera/sopc_builder_ip/altera_avalon_jtag_uart/generate_rtl.pl --name=nios_mcu_jtag_uart_0 --dir=C:/Users/Etudiant/AppData/Local/Temp/alt8879_4563435795991619812.dir/0002_jtag_uart_0_gen/ --quartus_dir=C:/intelfpga_lite/18.1/quartus --verilog --config=C:/Users/Etudiant/AppData/Local/Temp/alt8879_4563435795991619812.dir/0002_jtag_uart_0_gen//nios_mcu_jtag_uart_0_component_configuration.pl  --do_build_sim=0  ]
Info: jtag_uart_0: Done RTL generation for module 'nios_mcu_jtag_uart_0'
Info: jtag_uart_0: "nios_mcu" instantiated altera_avalon_jtag_uart "jtag_uart_0"
Info: nios_cpu: "nios_mcu" instantiated altera_nios2_gen2 "nios_cpu"
Info: onchip_ram: Starting RTL generation for module 'nios_mcu_onchip_ram'
Info: onchip_ram:   Generation command is [exec C:/intelfpga_lite/18.1/quartus/bin64/perl/bin/perl.exe -I C:/intelfpga_lite/18.1/quartus/bin64/perl/lib -I C:/intelfpga_lite/18.1/quartus/sopc_builder/bin/europa -I C:/intelfpga_lite/18.1/quartus/sopc_builder/bin/perl_lib -I C:/intelfpga_lite/18.1/quartus/sopc_builder/bin -I C:/intelfpga_lite/18.1/quartus/../ip/altera/sopc_builder_ip/common -I C:/intelfpga_lite/18.1/quartus/../ip/altera/sopc_builder_ip/altera_avalon_onchip_memory2 -- C:/intelfpga_lite/18.1/quartus/../ip/altera/sopc_builder_ip/altera_avalon_onchip_memory2/generate_rtl.pl --name=nios_mcu_onchip_ram --dir=C:/Users/Etudiant/AppData/Local/Temp/alt8879_4563435795991619812.dir/0003_onchip_ram_gen/ --quartus_dir=C:/intelfpga_lite/18.1/quartus --verilog --config=C:/Users/Etudiant/AppData/Local/Temp/alt8879_4563435795991619812.dir/0003_onchip_ram_gen//nios_mcu_onchip_ram_component_configuration.pl  --do_build_sim=0  ]
Info: onchip_ram: Done RTL generation for module 'nios_mcu_onchip_ram'
Info: onchip_ram: "nios_mcu" instantiated altera_avalon_onchip_memory2 "onchip_ram"
Info: pio_0: Starting RTL generation for module 'nios_mcu_pio_0'
Info: pio_0:   Generation command is [exec C:/intelfpga_lite/18.1/quartus/bin64/perl/bin/perl.exe -I C:/intelfpga_lite/18.1/quartus/bin64/perl/lib -I C:/intelfpga_lite/18.1/quartus/sopc_builder/bin/europa -I C:/intelfpga_lite/18.1/quartus/sopc_builder/bin/perl_lib -I C:/intelfpga_lite/18.1/quartus/sopc_builder/bin -I C:/intelfpga_lite/18.1/quartus/../ip/altera/sopc_builder_ip/common -I C:/intelfpga_lite/18.1/quartus/../ip/altera/sopc_builder_ip/altera_avalon_pio -- C:/intelfpga_lite/18.1/quartus/../ip/altera/sopc_builder_ip/altera_avalon_pio/generate_rtl.pl --name=nios_mcu_pio_0 --dir=C:/Users/Etudiant/AppData/Local/Temp/alt8879_4563435795991619812.dir/0004_pio_0_gen/ --quartus_dir=C:/intelfpga_lite/18.1/quartus --verilog --config=C:/Users/Etudiant/AppData/Local/Temp/alt8879_4563435795991619812.dir/0004_pio_0_gen//nios_mcu_pio_0_component_configuration.pl  --do_build_sim=0  ]
Info: pio_0: Done RTL generation for module 'nios_mcu_pio_0'
Info: pio_0: "nios_mcu" instantiated altera_avalon_pio "pio_0"
Info: avalon_st_adapter: Inserting error_adapter: error_adapter_0
Info: avalon_st_adapter_001: Inserting error_adapter: error_adapter_0
Info: avalon_st_adapter_002: Inserting error_adapter: error_adapter_0
Info: avalon_st_adapter_003: Inserting error_adapter: error_adapter_0
Info: avalon_st_adapter_004: Inserting error_adapter: error_adapter_0
Info: mm_interconnect_0: "nios_mcu" instantiated altera_mm_interconnect "mm_interconnect_0"
Info: irq_mapper: "nios_mcu" instantiated altera_irq_mapper "irq_mapper"
Info: rst_controller: "nios_mcu" instantiated altera_reset_controller "rst_controller"
Info: cpu: Starting RTL generation for module 'nios_mcu_nios_cpu_cpu'
Info: cpu:   Generation command is [exec C:/intelFPGA_lite/18.1/quartus/bin64//eperlcmd.exe -I C:/intelFPGA_lite/18.1/quartus/bin64//perl/lib -I C:/intelfpga_lite/18.1/quartus/sopc_builder/bin/europa -I C:/intelfpga_lite/18.1/quartus/sopc_builder/bin/perl_lib -I C:/intelfpga_lite/18.1/quartus/sopc_builder/bin -I C:/intelfpga_lite/18.1/quartus/../ip/altera/nios2_ip/altera_nios2_gen2/cpu_lib -I C:/intelfpga_lite/18.1/quartus/../ip/altera/nios2_ip/altera_nios2_gen2/nios_lib -I C:/intelfpga_lite/18.1/quartus/../ip/altera/nios2_ip/altera_nios2_gen2 -I C:/intelfpga_lite/18.1/quartus/../ip/altera/nios2_ip/altera_nios2_gen2 -- C:/intelfpga_lite/18.1/quartus/../ip/altera/nios2_ip/altera_nios2_gen2/generate_rtl.epl --name=nios_mcu_nios_cpu_cpu --dir=C:/Users/Etudiant/AppData/Local/Temp/alt8879_4563435795991619812.dir/0007_cpu_gen/ --quartus_bindir=C:/intelFPGA_lite/18.1/quartus/bin64/ --verilog --config=C:/Users/Etudiant/AppData/Local/Temp/alt8879_4563435795991619812.dir/0007_cpu_gen//nios_mcu_nios_cpu_cpu_processor_configuration.pl  --do_build_sim=0  ]
Info: cpu: # 2021.09.09 08:51:29 (*) Starting Nios II generation
Info: cpu: # 2021.09.09 08:51:29 (*)   Checking for plaintext license.
Info: cpu: # 2021.09.09 08:51:29 (*)   Couldn't query license setup in Quartus directory C:/intelFPGA_lite/18.1/quartus/bin64/
Info: cpu: # 2021.09.09 08:51:29 (*)   Defaulting to contents of LM_LICENSE_FILE environment variable
Info: cpu: # 2021.09.09 08:51:29 (*)   LM_LICENSE_FILE environment variable is empty
Info: cpu: # 2021.09.09 08:51:29 (*)   Plaintext license not found.
Info: cpu: # 2021.09.09 08:51:29 (*)   No license required to generate encrypted Nios II/e.
Info: cpu: # 2021.09.09 08:51:29 (*)   Elaborating CPU configuration settings
Info: cpu: # 2021.09.09 08:51:29 (*)   Creating all objects for CPU
Info: cpu: # 2021.09.09 08:51:30 (*)   Generating RTL from CPU objects
Info: cpu: # 2021.09.09 08:51:30 (*)   Creating plain-text RTL
Info: cpu: # 2021.09.09 08:51:30 (*) Done Nios II generation
Info: cpu: Done RTL generation for module 'nios_mcu_nios_cpu_cpu'
Info: cpu: "nios_cpu" instantiated altera_nios2_gen2_unit "cpu"
Info: nios_cpu_data_master_translator: "mm_interconnect_0" instantiated altera_merlin_master_translator "nios_cpu_data_master_translator"
Info: jtag_uart_0_avalon_jtag_slave_translator: "mm_interconnect_0" instantiated altera_merlin_slave_translator "jtag_uart_0_avalon_jtag_slave_translator"
Info: nios_cpu_data_master_agent: "mm_interconnect_0" instantiated altera_merlin_master_agent "nios_cpu_data_master_agent"
Info: jtag_uart_0_avalon_jtag_slave_agent: "mm_interconnect_0" instantiated altera_merlin_slave_agent "jtag_uart_0_avalon_jtag_slave_agent"
Info: jtag_uart_0_avalon_jtag_slave_agent_rsp_fifo: "mm_interconnect_0" instantiated altera_avalon_sc_fifo "jtag_uart_0_avalon_jtag_slave_agent_rsp_fifo"
Info: router: "mm_interconnect_0" instantiated altera_merlin_router "router"
Info: router_001: "mm_interconnect_0" instantiated altera_merlin_router "router_001"
Info: router_002: "mm_interconnect_0" instantiated altera_merlin_router "router_002"
Info: router_003: "mm_interconnect_0" instantiated altera_merlin_router "router_003"
Info: router_006: "mm_interconnect_0" instantiated altera_merlin_router "router_006"
Info: cmd_demux: "mm_interconnect_0" instantiated altera_merlin_demultiplexer "cmd_demux"
Info: cmd_demux_001: "mm_interconnect_0" instantiated altera_merlin_demultiplexer "cmd_demux_001"
Info: cmd_mux: "mm_interconnect_0" instantiated altera_merlin_multiplexer "cmd_mux"
Info: cmd_mux_001: "mm_interconnect_0" instantiated altera_merlin_multiplexer "cmd_mux_001"
Info: Reusing file C:/Users/Etudiant/Desktop/prince/NIOS/IP/nios_mcu/nios_mcu/synthesis/submodules/altera_merlin_arbitrator.sv
Info: rsp_demux: "mm_interconnect_0" instantiated altera_merlin_demultiplexer "rsp_demux"
Info: rsp_mux: "mm_interconnect_0" instantiated altera_merlin_multiplexer "rsp_mux"
Info: Reusing file C:/Users/Etudiant/Desktop/prince/NIOS/IP/nios_mcu/nios_mcu/synthesis/submodules/altera_merlin_arbitrator.sv
Info: rsp_mux_001: "mm_interconnect_0" instantiated altera_merlin_multiplexer "rsp_mux_001"
Info: Reusing file C:/Users/Etudiant/Desktop/prince/NIOS/IP/nios_mcu/nios_mcu/synthesis/submodules/altera_merlin_arbitrator.sv
Info: avalon_st_adapter: "mm_interconnect_0" instantiated altera_avalon_st_adapter "avalon_st_adapter"
Info: error_adapter_0: "avalon_st_adapter" instantiated error_adapter "error_adapter_0"
Info: nios_mcu: Done "nios_mcu" with 28 modules, 41 files
Info: qsys-generate succeeded.
Info: Finished: Create HDL design files for synthesis
